Trying: 0000
Trying: 0001
Trying: 0002
Trying: 0003
Trying: 0004
Trying: 0005
Trying: 0006
Trying: 0007
Trying: 0008
Trying: 0009
Trying: 0010
Trying: 0011
Trying: 0012
Trying: 0013
Trying: 0014
Trying: 0015
Trying: 0016
Trying: 0017
Trying: 0018
Trying: 0019
Trying: 0020
Trying: 0021
Trying: 0022
Trying: 0023
Trying: 0024
Trying: 0025
Trying: 0026
Trying: 0027
Trying: 0028
Trying: 0029
Trying: 0030
Trying: 0031
Trying: 0032
Trying: 0033
Trying: 0034
Trying: 0035
Trying: 0036
Trying: 0037
Trying: 0038
Trying: 0039
Trying: 0040
Trying: 0041
Trying: 0042
Trying: 0043
Trying: 0044
Trying: 0045
Trying: 0046
Trying: 0047
Trying: 0048
Trying: 0049
Trying: 0050
Trying: 0051
Trying: 0052
Trying: 0053
Trying: 0054
Trying: 0055
Trying: 0056
Trying: 0057
Trying: 0058
Trying: 0059
Trying: 0060
Trying: 0061
Trying: 0062
Trying: 0063
Trying: 0064
Trying: 0065
Trying: 0066
Trying: 0067
Trying: 0068
Trying: 0069
Trying: 0070
Trying: 0071
Trying: 0072
Trying: 0073
Trying: 0074
Trying: 0075
Trying: 0076
Trying: 0077
Trying: 0078
Trying: 0079
Trying: 0080
Trying: 0081
Trying: 0082
Trying: 0083
Trying: 0084
Trying: 0085
Trying: 0086
Trying: 0087
Trying: 0088
Trying: 0089
Trying: 0090
Trying: 0091
Trying: 0092
Trying: 0093
Trying: 0094
Trying: 0095
Trying: 0096
Trying: 0097
Trying: 0098
Trying: 0099
Trying: 0100
Trying: 0101
Trying: 0102
Trying: 0103
Trying: 0104
Trying: 0105
Trying: 0106
Trying: 0107
Trying: 0108
Trying: 0109
Trying: 0110
Trying: 0111
Trying: 0112
Trying: 0113
Trying: 0114
Trying: 0115
Trying: 0116
Trying: 0117
Trying: 0118
Trying: 0119
Trying: 0120
Trying: 0121
Trying: 0122
Trying: 0123
Trying: 0124
Trying: 0125
Trying: 0126
Trying: 0127
Trying: 0128
Trying: 0129
Trying: 0130
Trying: 0131
Trying: 0132
Trying: 0133
Trying: 0134
Trying: 0135
Trying: 0136
Trying: 0137
Trying: 0138
Trying: 0139
Trying: 0140
Trying: 0141
Trying: 0142
Trying: 0143
Trying: 0144
Trying: 0145
Trying: 0146
Trying: 0147
Trying: 0148
Trying: 0149
Trying: 0150
Trying: 0151
Trying: 0152
Trying: 0153
Trying: 0154
Trying: 0155
Trying: 0156
Trying: 0157
Trying: 0158
Trying: 0159
Trying: 0160
Trying: 0161
Trying: 0162
Trying: 0163
Trying: 0164
Trying: 0165
Trying: 0166
Trying: 0167
Trying: 0168
Trying: 0169
Trying: 0170
Trying: 0171
Trying: 0172
Trying: 0173
Trying: 0174
Trying: 0175
Trying: 0176
Trying: 0177
Trying: 0178
Trying: 0179
Trying: 0180
Trying: 0181
Trying: 0182
Trying: 0183
Trying: 0184
Trying: 0185
Trying: 0186
Trying: 0187
Trying: 0188
Trying: 0189
Trying: 0190
Trying: 0191
Trying: 0192
Trying: 0193
Trying: 0194
Trying: 0195
Trying: 0196
Trying: 0197
Trying: 0198
Trying: 0199
Trying: 0200
Trying: 0201
Trying: 0202
Trying: 0203
Trying: 0204
Trying: 0205
Trying: 0206
Trying: 0207
Trying: 0208
Trying: 0209
Trying: 0210
Trying: 0211
Trying: 0212
Trying: 0213
Trying: 0214
Trying: 0215
Trying: 0216
Trying: 0217
Trying: 0218
Trying: 0219
Trying: 0220
Trying: 0221
Trying: 0222
Trying: 0223
Trying: 0224
Trying: 0225
Trying: 0226
Trying: 0227
Trying: 0228
Trying: 0229
Trying: 0230
Trying: 0231
Trying: 0232
Trying: 0233
Trying: 0234
Trying: 0235
Trying: 0236
Trying: 0237
Trying: 0238
Trying: 0239
Trying: 0240
Trying: 0241
Trying: 0242
Trying: 0243
Trying: 0244
Trying: 0245
Trying: 0246
Trying: 0247
Trying: 0248
Trying: 0249
Trying: 0250
Trying: 0251
Trying: 0252
Trying: 0253
Trying: 0254
Trying: 0255
Trying: 0256
Trying: 0257
Trying: 0258
Trying: 0259
Trying: 0260
Trying: 0261
Trying: 0262
Trying: 0263
Trying: 0264
Trying: 0265
Trying: 0266
Trying: 0267
Trying: 0268
Trying: 0269
Trying: 0270
Trying: 0271
Trying: 0272
Trying: 0273
Trying: 0274
Trying: 0275
Trying: 0276
Trying: 0277
Trying: 0278
Trying: 0279
Trying: 0280
Trying: 0281
Trying: 0282
Trying: 0283
Trying: 0284
Trying: 0285
Trying: 0286
Trying: 0287
Trying: 0288
Trying: 0289
Trying: 0290
Trying: 0291
Trying: 0292
Trying: 0293
Trying: 0294
Trying: 0295
Trying: 0296
Trying: 0297
Trying: 0298
Trying: 0299
Trying: 0300
Trying: 0301
Trying: 0302
Trying: 0303
Trying: 0304
Trying: 0305
Trying: 0306
Trying: 0307
Trying: 0308
Trying: 0309
Trying: 0310
Trying: 0311
Trying: 0312
Trying: 0313
Trying: 0314
Trying: 0315
Trying: 0316
Trying: 0317
Trying: 0318
Trying: 0319
Trying: 0320
Trying: 0321
Trying: 0322
Trying: 0323
Trying: 0324
Trying: 0325
Trying: 0326
Trying: 0327
Trying: 0328
Trying: 0329
Trying: 0330
Trying: 0331
Trying: 0332
Trying: 0333
Trying: 0334
Trying: 0335
Trying: 0336
Trying: 0337
Trying: 0338
Trying: 0339
Trying: 0340
Trying: 0341
Trying: 0342
Trying: 0343
Trying: 0344
Trying: 0345
Trying: 0346
Trying: 0347
Trying: 0348
Trying: 0349
Trying: 0350
Trying: 0351
Trying: 0352
Trying: 0353
Trying: 0354
Trying: 0355
Trying: 0356
Trying: 0357
Trying: 0358
Trying: 0359
Trying: 0360
Trying: 0361
Trying: 0362
Trying: 0363
Trying: 0364
Trying: 0365
Trying: 0366
Trying: 0367
Trying: 0368
Trying: 0369
Trying: 0370
Trying: 0371
Trying: 0372
Trying: 0373
Trying: 0374
Trying: 0375
Trying: 0376
Trying: 0377
Trying: 0378
Trying: 0379
Trying: 0380
Trying: 0381
Trying: 0382
Trying: 0383
Trying: 0384
Trying: 0385
Trying: 0386
Trying: 0387
Trying: 0388
Trying: 0389
Trying: 0390
Trying: 0391
Trying: 0392
Trying: 0393
Trying: 0394
Trying: 0395
Trying: 0396
Trying: 0397
Trying: 0398
Trying: 0399
Trying: 0400
Trying: 0401
Trying: 0402
Trying: 0403
Trying: 0404
Trying: 0405
Trying: 0406
Trying: 0407
Trying: 0408
Trying: 0409
Trying: 0410
Trying: 0411
Trying: 0412
Trying: 0413
Trying: 0414
Trying: 0415
Trying: 0416
Trying: 0417
Trying: 0418
Trying: 0419
Trying: 0420
Trying: 0421
Trying: 0422
Trying: 0423
Trying: 0424
Trying: 0425
Trying: 0426
Trying: 0427
Trying: 0428
Trying: 0429
Trying: 0430
Trying: 0431
Trying: 0432
Trying: 0433
Trying: 0434
Trying: 0435
Trying: 0436
Trying: 0437
Trying: 0438
Trying: 0439
Trying: 0440
Trying: 0441
Trying: 0442
Trying: 0443
Trying: 0444
Trying: 0445
Trying: 0446
Trying: 0447
Trying: 0448
Trying: 0449
Trying: 0450
Trying: 0451
Trying: 0452
Trying: 0453
Trying: 0454
Trying: 0455
Trying: 0456
Trying: 0457
Trying: 0458
Trying: 0459
Trying: 0460
Trying: 0461
Trying: 0462
Trying: 0463
Trying: 0464
Trying: 0465
Trying: 0466
Trying: 0467
Trying: 0468
Trying: 0469
Trying: 0470
Trying: 0471
Trying: 0472
Trying: 0473
Trying: 0474
Trying: 0475
Trying: 0476
Trying: 0477
Trying: 0478
Trying: 0479
Trying: 0480
Trying: 0481
Trying: 0482
Trying: 0483
Trying: 0484
Trying: 0485
Trying: 0486
Trying: 0487
Trying: 0488
Trying: 0489
Trying: 0490
Trying: 0491
Trying: 0492
Trying: 0493
Trying: 0494
Trying: 0495
Trying: 0496
Trying: 0497
Trying: 0498
Trying: 0499
Trying: 0500
Trying: 0501
Trying: 0502
Trying: 0503
Trying: 0504
Trying: 0505
Trying: 0506
Trying: 0507
Trying: 0508
Trying: 0509
Trying: 0510
Trying: 0511
Trying: 0512
Trying: 0513
Trying: 0514
Trying: 0515
Trying: 0516
Trying: 0517
Trying: 0518
Trying: 0519
Trying: 0520
Trying: 0521
Trying: 0522
Trying: 0523
Trying: 0524
Trying: 0525
Trying: 0526
Trying: 0527
Trying: 0528
Trying: 0529
Trying: 0530
Trying: 0531
Trying: 0532
Trying: 0533
Trying: 0534
Trying: 0535
Trying: 0536
Trying: 0537
Trying: 0538
Trying: 0539
Trying: 0540
Trying: 0541
Trying: 0542
Trying: 0543
Trying: 0544
Trying: 0545
Trying: 0546
Trying: 0547
Trying: 0548
Trying: 0549
Trying: 0550
Trying: 0551
Trying: 0552
Trying: 0553
Trying: 0554
Trying: 0555
Trying: 0556
Trying: 0557
Trying: 0558
Trying: 0559
Trying: 0560
Trying: 0561
Trying: 0562
Trying: 0563
Trying: 0564
Trying: 0565
Trying: 0566
Trying: 0567
Trying: 0568
Trying: 0569
Trying: 0570
Trying: 0571
Trying: 0572
Trying: 0573
Trying: 0574
Trying: 0575
Trying: 0576
Trying: 0577
Trying: 0578
Trying: 0579
Trying: 0580
Trying: 0581
Trying: 0582
Trying: 0583
Trying: 0584
Trying: 0585
Trying: 0586
Trying: 0587
Trying: 0588
Trying: 0589
Trying: 0590
Trying: 0591
Trying: 0592
Trying: 0593
Trying: 0594
Trying: 0595
Trying: 0596
Trying: 0597
Trying: 0598
Trying: 0599
Trying: 0600
Trying: 0601
Trying: 0602
Trying: 0603
Trying: 0604
Trying: 0605
Trying: 0606
Trying: 0607
Trying: 0608
Trying: 0609
Trying: 0610
Trying: 0611
Trying: 0612
Trying: 0613
Trying: 0614
Trying: 0615
Trying: 0616
Trying: 0617
Trying: 0618
Trying: 0619
Trying: 0620
Trying: 0621
Trying: 0622
Trying: 0623
Trying: 0624
Trying: 0625
Trying: 0626
Trying: 0627
Trying: 0628
Trying: 0629
Trying: 0630
Trying: 0631
Trying: 0632
Trying: 0633
Trying: 0634
Trying: 0635
Trying: 0636
Trying: 0637
Trying: 0638
Trying: 0639
Trying: 0640
Trying: 0641
Trying: 0642
Trying: 0643
Trying: 0644
Trying: 0645
Trying: 0646
Trying: 0647
Trying: 0648
Trying: 0649
Trying: 0650
Trying: 0651
Trying: 0652
Trying: 0653
Trying: 0654
Trying: 0655
Trying: 0656
Trying: 0657
Trying: 0658
Trying: 0659
Trying: 0660
Trying: 0661
Trying: 0662
Trying: 0663
Trying: 0664
Trying: 0665
Trying: 0666
Trying: 0667
Trying: 0668
Trying: 0669
Trying: 0670
Trying: 0671
Trying: 0672
Trying: 0673
Trying: 0674
Trying: 0675
Trying: 0676
Trying: 0677
Trying: 0678
Trying: 0679
Trying: 0680
Trying: 0681
Trying: 0682
Trying: 0683
Trying: 0684
Trying: 0685
Trying: 0686
Trying: 0687
Trying: 0688
Trying: 0689
Trying: 0690
Trying: 0691
Trying: 0692
Trying: 0693
Trying: 0694
Trying: 0695
Trying: 0696
Trying: 0697
Trying: 0698
Trying: 0699
Trying: 0700
Trying: 0701
Trying: 0702
Trying: 0703
Trying: 0704
Trying: 0705
Trying: 0706
Trying: 0707
Trying: 0708
Trying: 0709
Trying: 0710
Trying: 0711
Trying: 0712
Trying: 0713
Trying: 0714
Trying: 0715
Trying: 0716
Trying: 0717
Trying: 0718
Trying: 0719
Trying: 0720
Trying: 0721
Trying: 0722
Trying: 0723
Trying: 0724
Trying: 0725
Trying: 0726
Trying: 0727
Trying: 0728
Trying: 0729
Trying: 0730
Trying: 0731
Trying: 0732
Trying: 0733
Trying: 0734
Trying: 0735
Trying: 0736
Trying: 0737
Trying: 0738
Trying: 0739
Trying: 0740
Trying: 0741
Trying: 0742
Trying: 0743
Trying: 0744
Trying: 0745
Trying: 0746
Trying: 0747
Trying: 0748
Trying: 0749
Trying: 0750
Trying: 0751
Trying: 0752
Trying: 0753
Trying: 0754
Trying: 0755
Trying: 0756
Trying: 0757
Trying: 0758
Trying: 0759
Trying: 0760
Trying: 0761
Trying: 0762
Trying: 0763
Trying: 0764
Trying: 0765
Trying: 0766
Trying: 0767
Trying: 0768
Trying: 0769
Trying: 0770
Trying: 0771
Trying: 0772
Trying: 0773
Trying: 0774
Trying: 0775
Trying: 0776
Trying: 0777
Trying: 0778
Trying: 0779
Trying: 0780
Trying: 0781
Trying: 0782
Trying: 0783
Trying: 0784
Trying: 0785
Trying: 0786
Trying: 0787
Trying: 0788
Trying: 0789
Trying: 0790
Trying: 0791
Trying: 0792
Trying: 0793
Trying: 0794
Trying: 0795
Trying: 0796
Trying: 0797
Trying: 0798
Trying: 0799
Trying: 0800
Trying: 0801
Trying: 0802
Trying: 0803
Trying: 0804
Trying: 0805
Trying: 0806
Trying: 0807
Trying: 0808
Trying: 0809
Trying: 0810
Trying: 0811
Trying: 0812
Trying: 0813
Trying: 0814
Trying: 0815
Trying: 0816
Trying: 0817
Trying: 0818
Trying: 0819
Trying: 0820
Trying: 0821
Trying: 0822
Trying: 0823
Trying: 0824
Trying: 0825
Trying: 0826
Trying: 0827
Trying: 0828
Trying: 0829
Trying: 0830
Trying: 0831
Trying: 0832
Trying: 0833
Trying: 0834
Trying: 0835
Trying: 0836
Trying: 0837
Trying: 0838
Trying: 0839
Trying: 0840
Trying: 0841
Trying: 0842
Trying: 0843
Trying: 0844
Trying: 0845
Trying: 0846
Trying: 0847
Trying: 0848
Trying: 0849
Trying: 0850
Trying: 0851
Trying: 0852
Trying: 0853
Trying: 0854
Trying: 0855
Trying: 0856
Trying: 0857
Trying: 0858
Trying: 0859
Trying: 0860
Trying: 0861
Trying: 0862
Trying: 0863
Trying: 0864
Trying: 0865
Trying: 0866
Trying: 0867
Trying: 0868
Trying: 0869
Trying: 0870
Trying: 0871
Trying: 0872
Trying: 0873
Trying: 0874
Trying: 0875
Trying: 0876
Trying: 0877
Trying: 0878
Trying: 0879
Trying: 0880
Trying: 0881
Trying: 0882
Trying: 0883
Trying: 0884
Trying: 0885
Trying: 0886
Trying: 0887
Trying: 0888
Trying: 0889
Trying: 0890
Trying: 0891
Trying: 0892
Trying: 0893
Trying: 0894
Trying: 0895
Trying: 0896
Trying: 0897
Trying: 0898
Trying: 0899
Trying: 0900
Trying: 0901
Trying: 0902
Trying: 0903
Trying: 0904
Trying: 0905
Trying: 0906
Trying: 0907
Trying: 0908
Trying: 0909
Trying: 0910
Trying: 0911
Trying: 0912
Trying: 0913
Trying: 0914
Trying: 0915
Trying: 0916
Trying: 0917
Trying: 0918
Trying: 0919
Trying: 0920
Trying: 0921
Trying: 0922
Trying: 0923
Trying: 0924
Trying: 0925
Trying: 0926
Trying: 0927
Trying: 0928
Trying: 0929
Trying: 0930
Trying: 0931
Trying: 0932
Trying: 0933
Trying: 0934
Trying: 0935
Trying: 0936
Trying: 0937
Trying: 0938
Trying: 0939
Trying: 0940
Trying: 0941
Trying: 0942
Trying: 0943
Trying: 0944
Trying: 0945
Trying: 0946
Trying: 0947
Trying: 0948
Trying: 0949
Trying: 0950
Trying: 0951
Trying: 0952
Trying: 0953
Trying: 0954
Trying: 0955
Trying: 0956
Trying: 0957
Trying: 0958
Trying: 0959
Trying: 0960
Trying: 0961
Trying: 0962
Trying: 0963
Trying: 0964
Trying: 0965
Trying: 0966
Trying: 0967
Trying: 0968
Trying: 0969
Trying: 0970
Trying: 0971
Trying: 0972
Trying: 0973
Trying: 0974
Trying: 0975
Trying: 0976
Trying: 0977
Trying: 0978
Trying: 0979
Trying: 0980
Trying: 0981
Trying: 0982
Trying: 0983
Trying: 0984
Trying: 0985
Trying: 0986
Trying: 0987
Trying: 0988
Trying: 0989
Trying: 0990
Trying: 0991
Trying: 0992
Trying: 0993
Trying: 0994
Trying: 0995
Trying: 0996
Trying: 0997
Trying: 0998
Trying: 0999
Trying: 1000
Trying: 1001
Trying: 1002
Trying: 1003
Trying: 1004
Trying: 1005
Trying: 1006
Trying: 1007
Trying: 1008
Trying: 1009
Trying: 1010
Trying: 1011
Trying: 1012
Trying: 1013
Trying: 1014
Trying: 1015
Trying: 1016
Trying: 1017
Trying: 1018
Trying: 1019
Trying: 1020
Trying: 1021
Trying: 1022
Trying: 1023
Trying: 1024
Trying: 1025
Trying: 1026
Trying: 1027
Trying: 1028
Trying: 1029
Trying: 1030
Trying: 1031
Trying: 1032
Trying: 1033
Trying: 1034
Trying: 1035
Trying: 1036
Trying: 1037
Trying: 1038
Trying: 1039
Trying: 1040
Trying: 1041
Trying: 1042
Trying: 1043
Trying: 1044
Trying: 1045
Trying: 1046
Trying: 1047
Trying: 1048
Trying: 1049
Trying: 1050
Trying: 1051
Trying: 1052
Trying: 1053
Trying: 1054
Trying: 1055
Trying: 1056
Trying: 1057
Trying: 1058
Trying: 1059
Trying: 1060
Trying: 1061
Trying: 1062
Trying: 1063
Trying: 1064
Trying: 1065
Trying: 1066
Trying: 1067
Trying: 1068
Trying: 1069
Trying: 1070
Trying: 1071
Trying: 1072
Trying: 1073
Trying: 1074
Trying: 1075
Trying: 1076
Trying: 1077
Trying: 1078
Trying: 1079
Trying: 1080
Trying: 1081
Trying: 1082
Trying: 1083
Trying: 1084
Trying: 1085
Trying: 1086
Trying: 1087
Trying: 1088
Trying: 1089
Trying: 1090
Trying: 1091
Trying: 1092
Trying: 1093
Trying: 1094
Trying: 1095
Trying: 1096
Trying: 1097
Trying: 1098
Trying: 1099
Trying: 1100
Trying: 1101
Trying: 1102
Trying: 1103
Trying: 1104
Trying: 1105
Trying: 1106
Trying: 1107
Trying: 1108
Trying: 1109
Trying: 1110
Trying: 1111
Trying: 1112
Trying: 1113
Trying: 1114
Trying: 1115
Trying: 1116
Trying: 1117
Trying: 1118
Trying: 1119
Trying: 1120
Trying: 1121
Trying: 1122
Trying: 1123
Trying: 1124
Trying: 1125
Trying: 1126
Trying: 1127
Trying: 1128
Trying: 1129
Trying: 1130
Trying: 1131
Trying: 1132
Trying: 1133
Trying: 1134
Trying: 1135
Trying: 1136
Trying: 1137
Trying: 1138
Trying: 1139
Trying: 1140
Trying: 1141
Trying: 1142
Trying: 1143
Trying: 1144
Trying: 1145
Trying: 1146
Trying: 1147
Trying: 1148
Trying: 1149
Trying: 1150
Trying: 1151
Trying: 1152
Trying: 1153
Trying: 1154
Trying: 1155
Trying: 1156
Trying: 1157
Trying: 1158
Trying: 1159
Trying: 1160
Trying: 1161
Trying: 1162
Trying: 1163
Trying: 1164
Trying: 1165
Trying: 1166
Trying: 1167
Trying: 1168
Trying: 1169
Trying: 1170
Trying: 1171
Trying: 1172
Trying: 1173
Trying: 1174
Trying: 1175
Trying: 1176
Trying: 1177
Trying: 1178
Trying: 1179
Trying: 1180
Trying: 1181
Trying: 1182
Trying: 1183
Trying: 1184
Trying: 1185
Trying: 1186
Trying: 1187
Trying: 1188
Trying: 1189
Trying: 1190
Trying: 1191
Trying: 1192
Trying: 1193
Trying: 1194
Trying: 1195
Trying: 1196
Trying: 1197
Trying: 1198
Trying: 1199
Trying: 1200
Trying: 1201
Trying: 1202
Trying: 1203
Trying: 1204
Trying: 1205
Trying: 1206
Trying: 1207
Trying: 1208
Trying: 1209
Trying: 1210
Trying: 1211
Trying: 1212
Trying: 1213
Trying: 1214
Trying: 1215
Trying: 1216
Trying: 1217
Trying: 1218
Trying: 1219
Trying: 1220
Trying: 1221
Trying: 1222
Trying: 1223
Trying: 1224
Trying: 1225
Trying: 1226
Trying: 1227
Trying: 1228
Trying: 1229
Trying: 1230
Trying: 1231
Trying: 1232
Trying: 1233
Trying: 1234
Trying: 1235
Trying: 1236
Trying: 1237
Trying: 1238
Trying: 1239
Trying: 1240
Trying: 1241
Trying: 1242
Trying: 1243
Trying: 1244
Trying: 1245
Trying: 1246
Trying: 1247
Trying: 1248
Trying: 1249
Trying: 1250
Trying: 1251
Trying: 1252
Trying: 1253
Trying: 1254
Trying: 1255
Trying: 1256
Trying: 1257
Trying: 1258
Trying: 1259
Trying: 1260
Trying: 1261
Trying: 1262
Trying: 1263
Trying: 1264
Trying: 1265
Trying: 1266
Trying: 1267
Trying: 1268
Trying: 1269
Trying: 1270
Trying: 1271
Trying: 1272
Trying: 1273
Trying: 1274
Trying: 1275
Trying: 1276
Trying: 1277
Trying: 1278
Trying: 1279
Trying: 1280
Trying: 1281
Trying: 1282
Trying: 1283
Trying: 1284
Trying: 1285
Trying: 1286
Trying: 1287
Trying: 1288
Trying: 1289
Trying: 1290
Trying: 1291
Trying: 1292
Trying: 1293
Trying: 1294
Trying: 1295
Trying: 1296
Trying: 1297
Trying: 1298
Trying: 1299
Trying: 1300
Trying: 1301
Trying: 1302
Trying: 1303
Trying: 1304
Trying: 1305
Trying: 1306
Trying: 1307
Trying: 1308
Trying: 1309
Trying: 1310
Trying: 1311
Trying: 1312
Trying: 1313
Trying: 1314
Trying: 1315
Trying: 1316
Trying: 1317
Trying: 1318
Trying: 1319
Trying: 1320
Trying: 1321
Trying: 1322
Trying: 1323
Trying: 1324
Trying: 1325
Trying: 1326
Trying: 1327
Trying: 1328
Trying: 1329
Trying: 1330
Trying: 1331
Trying: 1332
Trying: 1333
Trying: 1334
Trying: 1335
Trying: 1336
Trying: 1337
Trying: 1338
Trying: 1339
Trying: 1340
Trying: 1341
Trying: 1342
Trying: 1343
Trying: 1344
Trying: 1345
Trying: 1346
Trying: 1347
Trying: 1348
Trying: 1349
Trying: 1350
Trying: 1351
Trying: 1352
Trying: 1353
Trying: 1354
Trying: 1355
Trying: 1356
Trying: 1357
Trying: 1358
Trying: 1359
Trying: 1360
Trying: 1361
Trying: 1362
Trying: 1363
Trying: 1364
Trying: 1365
Trying: 1366
Trying: 1367
Trying: 1368
Trying: 1369
Trying: 1370
Trying: 1371
Trying: 1372
Trying: 1373
Trying: 1374
Trying: 1375
Trying: 1376
Trying: 1377
Trying: 1378
Trying: 1379
Trying: 1380
Trying: 1381
Trying: 1382
Trying: 1383
Trying: 1384
Trying: 1385
Trying: 1386
Trying: 1387
Trying: 1388
Trying: 1389
Trying: 1390
Trying: 1391
Trying: 1392
Trying: 1393
Trying: 1394
Trying: 1395
Trying: 1396
Trying: 1397
Trying: 1398
Trying: 1399
Trying: 1400
Trying: 1401
Trying: 1402
Trying: 1403
Trying: 1404
Trying: 1405
Trying: 1406
Trying: 1407
Trying: 1408
Trying: 1409
Trying: 1410
Trying: 1411
Trying: 1412
Trying: 1413
Trying: 1414
Trying: 1415
Trying: 1416
Trying: 1417
Trying: 1418
Trying: 1419
Trying: 1420
Trying: 1421
Trying: 1422
Trying: 1423
Trying: 1424
Trying: 1425
Trying: 1426
Trying: 1427
Trying: 1428
Trying: 1429
Trying: 1430
Trying: 1431
Trying: 1432
